<?xml version="1.0" encoding="UTF-8"?>
<!-- Generated by org.testng.reporters.JUnitReportReporter -->
<testsuite hostname="LTIN508226" failures="0" tests="3" name="Testng_testcases.GiftCards" time="8.551" errors="0" timestamp="2024-04-14T13:13:23 IST" skipped="0">
  <testcase classname="Testng_testcases.GiftCards" name="selectGifts" time="3.123"/>
  <testcase classname="Testng_testcases.GiftCards" name="cardSelect" time="4.894"/>
  <testcase classname="Testng_testcases.GiftCards" name="filldetail" time="0.534"/>
</testsuite> <!-- Testng_testcases.GiftCards -->
