<?xml version="1.0" encoding="UTF-8"?>
<!-- Generated by org.testng.reporters.JUnitReportReporter -->
<testsuite hostname="LTIN508226" failures="0" tests="1" name="Testng_testcases.baseTest" time="20.057" errors="0" timestamp="2024-04-14T13:13:23 IST" skipped="0">
  <testcase classname="Testng_testcases.baseTest" name="closepopup" time="20.057"/>
</testsuite> <!-- Testng_testcases.baseTest -->
