<?xml version="1.0" encoding="UTF-8"?>
<!-- Generated by org.testng.reporters.JUnitReportReporter -->
<testsuite hostname="LTIN508226" failures="0" tests="2" name="Testng_testcases.suvPrices" time="0.190" errors="0" timestamp="2024-04-14T13:13:23 IST" skipped="0">
  <testcase classname="Testng_testcases.suvPrices" name="selectSuv" time="0.092"/>
  <testcase classname="Testng_testcases.suvPrices" name="SuvPricesLow" time="0.098"/>
</testsuite> <!-- Testng_testcases.suvPrices -->
