<?xml version="1.0" encoding="UTF-8"?>
<!-- Generated by org.testng.reporters.JUnitReportReporter -->
<testsuite hostname="LTIN508226" failures="0" tests="5" name="Testrunner.testrunner" time="71.685" errors="0" timestamp="2024-04-14T16:02:22 IST" skipped="0">
  <testcase classname="Testrunner.testrunner" name="runScenario" time="20.926"/>
  <testcase classname="Testrunner.testrunner" name="runScenario" time="8.021"/>
  <testcase classname="Testrunner.testrunner" name="runScenario" time="36.441"/>
  <testcase classname="Testrunner.testrunner" name="runScenario" time="0.635"/>
  <testcase classname="Testrunner.testrunner" name="runScenario" time="5.662"/>
</testsuite> <!-- Testrunner.testrunner -->
