<?xml version="1.0" encoding="UTF-8"?>
<!-- Generated by org.testng.reporters.JUnitReportReporter -->
<testsuite hostname="LTIN508226" failures="0" tests="2" name="Testng_testcases.Hotel_Adult_List" time="5.195" errors="0" timestamp="2024-04-14T13:13:23 IST" skipped="0">
  <testcase classname="Testng_testcases.Hotel_Adult_List" name="clickHotels" time="4.642"/>
  <testcase classname="Testng_testcases.Hotel_Adult_List" name="ListAdult" time="0.553"/>
</testsuite> <!-- Testng_testcases.Hotel_Adult_List -->
