<?xml version="1.0" encoding="UTF-8"?>
<!-- Generated by org.testng.reporters.JUnitReportReporter -->
<testsuite hostname="LTIN508226" failures="0" tests="2" name="Testng_testcases.baseClass" time="20.157" errors="0" timestamp="2024-04-13T22:10:55 IST" skipped="0">
  <testcase classname="Testng_testcases.baseClass" name="closepopup" time="10.091"/>
  <testcase classname="Testng_testcases.baseClass" name="closepopup" time="10.066"/>
</testsuite> <!-- Testng_testcases.baseClass -->
