<?xml version="1.0" encoding="UTF-8"?>
<!-- Generated by org.testng.reporters.JUnitReportReporter -->
<testsuite hostname="LTIN508226" failures="0" tests="3" name="Testng_testcases.CabSelection_test" time="30.525" errors="0" timestamp="2024-04-14T13:13:23 IST" skipped="0">
  <testcase classname="Testng_testcases.CabSelection_test" name="clickCabs" time="0.147"/>
  <testcase classname="Testng_testcases.CabSelection_test" name="placeSelect" time="18.570"/>
  <testcase classname="Testng_testcases.CabSelection_test" name="dataselect" time="11.808"/>
</testsuite> <!-- Testng_testcases.CabSelection_test -->
