<?xml version="1.0" encoding="UTF-8"?>
<!-- Generated by org.testng.reporters.JUnitReportReporter -->
<testsuite hostname="LTIN508123" failures="0" tests="2" name="Testng_testcases.suvPrices" time="0.351" errors="0" timestamp="2024-04-15T21:43:41 IST" skipped="0">
  <testcase classname="Testng_testcases.suvPrices" name="selectSuv" time="0.177"/>
  <testcase classname="Testng_testcases.suvPrices" name="SuvPricesLow" time="0.174"/>
</testsuite> <!-- Testng_testcases.suvPrices -->
