<?xml version="1.0" encoding="UTF-8"?>
<!-- Generated by org.testng.reporters.JUnitReportReporter -->
<testsuite hostname="LTIN508123" failures="0" tests="3" name="Testng_testcases.GiftCards" time="8.551" errors="0" timestamp="2024-04-15T21:43:41 IST" skipped="0">
  <testcase classname="Testng_testcases.GiftCards" name="selectGifts" time="2.612"/>
  <testcase classname="Testng_testcases.GiftCards" name="cardSelect" time="5.044"/>
  <testcase classname="Testng_testcases.GiftCards" name="filldetail" time="0.895"/>
</testsuite> <!-- Testng_testcases.GiftCards -->
