<?xml version="1.0" encoding="UTF-8"?>
<!-- Generated by org.testng.reporters.JUnitReportReporter -->
<testsuite hostname="LTIN508123" failures="0" tests="3" name="Testng_testcases.CabSelection_test" time="34.537" errors="0" timestamp="2024-04-15T21:43:41 IST" skipped="0">
  <testcase classname="Testng_testcases.CabSelection_test" name="clickCabs" time="0.396"/>
  <testcase classname="Testng_testcases.CabSelection_test" name="placeSelect" time="19.775"/>
  <testcase classname="Testng_testcases.CabSelection_test" name="dataselect" time="14.366"/>
</testsuite> <!-- Testng_testcases.CabSelection_test -->
