<?xml version="1.0" encoding="UTF-8"?>
<!-- Generated by org.testng.reporters.JUnitReportReporter -->
<testsuite hostname="LTIN508123" failures="0" tests="5" name="Testrunner.testrunner" time="76.552" errors="0" timestamp="2024-04-15T21:43:41 IST" skipped="0">
  <testcase classname="Testrunner.testrunner" name="runScenario" time="0.945"/>
  <testcase classname="Testrunner.testrunner" name="runScenario" time="6.575"/>
  <testcase classname="Testrunner.testrunner" name="runScenario" time="21.581"/>
  <testcase classname="Testrunner.testrunner" name="runScenario" time="38.528"/>
  <testcase classname="Testrunner.testrunner" name="runScenario" time="8.923"/>
</testsuite> <!-- Testrunner.testrunner -->
