<?xml version="1.0" encoding="UTF-8"?>
<!-- Generated by org.testng.reporters.JUnitReportReporter -->
<testsuite hostname="LTIN508226" failures="0" tests="2" name="Testng_testcases.baseClass" time="20.152" errors="0" timestamp="2024-04-13T22:25:22 IST" skipped="0">
  <testcase classname="Testng_testcases.baseClass" name="closepopup" time="10.122"/>
  <testcase classname="Testng_testcases.baseClass" name="closepopup" time="10.030"/>
</testsuite> <!-- Testng_testcases.baseClass -->
