<?xml version="1.0" encoding="UTF-8"?>
<!-- Generated by org.testng.reporters.JUnitReportReporter -->
<testsuite hostname="LTIN508123" failures="0" tests="2" name="Testng_testcases.Hotel_Adult_List" time="5.889" errors="0" timestamp="2024-04-15T21:43:41 IST" skipped="0">
  <testcase classname="Testng_testcases.Hotel_Adult_List" name="clickHotels" time="5.237"/>
  <testcase classname="Testng_testcases.Hotel_Adult_List" name="ListAdult" time="0.652"/>
</testsuite> <!-- Testng_testcases.Hotel_Adult_List -->
